<?xml version="1.0" encoding="UTF-8"?>
<!-- Generated by org.testng.reporters.JUnitReportReporter -->
<testsuite hostname="HP" failures="0" tests="1" name="org.DemoAutomationTesting.OrderTest.OrderABookTest" time="12.813" errors="0" timestamp="2022-06-02T10:20:48 IST" skipped="0">
  <testcase classname="org.DemoAutomationTesting.OrderTest.OrderABookTest" name="orderABookTest" time="12.813"/>
  <system-out/>
</testsuite> <!-- org.DemoAutomationTesting.OrderTest.OrderABookTest -->
